{"logTime": "0515/095152", "correlationVector":"PeaQcQi1JGBYdZ+Qvb9QiW.1","action":"SyncServerConnectionManagerRequest", "result":"SYNC_SERVER_OK", "context":{"environment":"Prod_southeastasia_prod-s01-065-apac-southeastasia", "migrationStage":"NotStarted", "server":"akswtt000000015"}}
{"logTime": "0515/095152", "correlationVector":"PeaQcQi1JGBYdZ+Qvb9QiW.2","action":"ProcessGetUpdates", "result":"Done", "context":{"dataType":"Encryption Keys", "deleted":"0", "process_failed_to_decrypt":"0", "process_pending_decryption":"0", "process_success":"1", "total":"1"}}
{"logTime": "0515/095152", "correlationVector":"nsnv8BQvZTPlx4iFLu8IXi","action":"SyncServerConnectionManagerRequest", "result":"SYNC_SERVER_ERROR", "context":{"environment":"", "error_type":"http_status_code", "error_value":"400", "migrationStage":"", "server":""}}
{"logTime": "0515/095152", "correlationVector":"PeaQcQi1JGBYdZ+Qvb9QiW","action":"Initial GetUpdates", "result":"", "context":Reason: NEW_CLIENT. cV=PeaQcQi1JGBYdZ+Qvb9QiW}
{"logTime": "0515/095152", "correlationVector":"PeaQcQi1JGBYdZ+Qvb9QiW.3","action":"GetUpdates Response", "result":"Success", "context":Received 1 update(s). cV=PeaQcQi1JGBYdZ+Qvb9QiW.0;server=akswtt000000015;cloudType=Consumer;environment=Prod_southeastasia_prod-s01-065-apac-southeastasia;migrationStage=NotStarted}
{"logTime": "0515/095152", "correlationVector":"+dU8e6yGA/6qdZVdOdUo0J","action":"Initial GetUpdates", "result":"", "context":Reason: NEW_CLIENT. cV=+dU8e6yGA/6qdZVdOdUo0J}
{"logTime": "0515/095153", "correlationVector":"+dU8e6yGA/6qdZVdOdUo0J.1","action":"SyncServerConnectionManagerRequest", "result":"SYNC_SERVER_OK", "context":{"environment":"Prod_southeastasia_prod-s01-064-apac-southeastasia", "migrationStage":"NotStarted", "server":"akswtt00000000o"}}
{"logTime": "0515/095153", "correlationVector":"+dU8e6yGA/6qdZVdOdUo0J.2","action":"ProcessGetUpdates", "result":"Done", "context":{"dataType":"Preferences", "deleted":"0", "process_failed_to_decrypt":"0", "process_pending_decryption":"0", "process_success":"95", "total":"95"}}
{"logTime": "0515/095153", "correlationVector":"+dU8e6yGA/6qdZVdOdUo0J.3","action":"ProcessGetUpdates", "result":"Done", "context":{"dataType":"Device Info", "deleted":"0", "process_failed_to_decrypt":"0", "process_pending_decryption":"0", "process_success":"6", "total":"6"}}
{"logTime": "0515/095153", "correlationVector":"+dU8e6yGA/6qdZVdOdUo0J.4","action":"GetUpdates Response", "result":"Success", "context":Received 101 update(s). cV=+dU8e6yGA/6qdZVdOdUo0J.0;server=akswtt00000000o;cloudType=Consumer;environment=Prod_southeastasia_prod-s01-064-apac-southeastasia;migrationStage=NotStarted}
{"logTime": "0515/095153", "correlationVector":"TyzfuOvHBa13WpKUrijxWZ","action":"SyncServerConnectionManagerRequest", "result":"SYNC_SERVER_ERROR", "context":{"environment":"", "error_type":"http_status_code", "error_value":"400", "migrationStage":"", "server":""}}
{"logTime": "0515/095153", "correlationVector":"yMDc3qCznhWFzVgaMGA2zX","action":"Initial GetUpdates", "result":"", "context":Reason: NEW_CLIENT. cV=yMDc3qCznhWFzVgaMGA2zX}
{"logTime": "0515/095154", "correlationVector":"yMDc3qCznhWFzVgaMGA2zX.1","action":"SyncServerConnectionManagerRequest", "result":"SYNC_SERVER_OK", "context":{"environment":"Prod_southeastasia_prod-s01-064-apac-southeastasia", "migrationStage":"NotStarted", "server":"akswtt000000002"}}
{"logTime": "0515/095154", "correlationVector":"yMDc3qCznhWFzVgaMGA2zX.2","action":"ProcessGetUpdates", "result":"Done", "context":{"dataType":"Bookmarks", "deleted":"0", "process_failed_to_decrypt":"0", "process_pending_decryption":"0", "process_success":"55", "total":"55"}}
{"logTime": "0515/095154", "correlationVector":"yMDc3qCznhWFzVgaMGA2zX.3","action":"GetUpdates Response", "result":"Success", "context":Received 55 update(s). cV=yMDc3qCznhWFzVgaMGA2zX.0;server=akswtt000000002;cloudType=Consumer;environment=Prod_southeastasia_prod-s01-064-apac-southeastasia;migrationStage=NotStarted}
{"logTime": "0515/095154", "correlationVector":"cuEGNNKgxyEE2/H9ndx/kx","action":"SyncServerConnectionManagerRequest", "result":"SYNC_SERVER_ERROR", "context":{"environment":"", "error_type":"http_status_code", "error_value":"400", "migrationStage":"", "server":""}}
{"logTime": "0515/095154", "correlationVector":"NjrfndHrNWoxcPhtJAePYh","action":"Initial GetUpdates", "result":"", "context":Reason: NEW_CLIENT. cV=NjrfndHrNWoxcPhtJAePYh}
{"logTime": "0515/095155", "correlationVector":"NjrfndHrNWoxcPhtJAePYh.1","action":"SyncServerConnectionManagerRequest", "result":"SYNC_SERVER_OK", "context":{"environment":"Prod_southeastasia_prod-s01-064-apac-southeastasia", "migrationStage":"NotStarted", "server":"akswtt00000000m"}}
{"logTime": "0515/095155", "correlationVector":"NjrfndHrNWoxcPhtJAePYh.2","action":"ProcessGetUpdates", "result":"Done", "context":{"dataType":"Extensions", "deleted":"0", "process_failed_to_decrypt":"0", "process_pending_decryption":"0", "process_success":"3", "total":"3"}}
{"logTime": "0515/095155", "correlationVector":"NjrfndHrNWoxcPhtJAePYh.3","action":"ProcessGetUpdates", "result":"Done", "context":{"dataType":"Extension settings", "deleted":"0", "process_failed_to_decrypt":"0", "process_pending_decryption":"0", "process_success":"14", "total":"14"}}
{"logTime": "0515/095155", "correlationVector":"NjrfndHrNWoxcPhtJAePYh.4","action":"ProcessGetUpdates", "result":"Done", "context":{"dataType":"Saved Tab Group", "deleted":"0", "process_failed_to_decrypt":"0", "process_pending_decryption":"0", "process_success":"2", "total":"2"}}
{"logTime": "0515/095155", "correlationVector":"NjrfndHrNWoxcPhtJAePYh.5","action":"ProcessGetUpdates", "result":"Done", "context":{"dataType":"Edge Hub App Usage", "deleted":"0", "process_failed_to_decrypt":"0", "process_pending_decryption":"0", "process_success":"5", "total":"5"}}
{"logTime": "0515/095155", "correlationVector":"NjrfndHrNWoxcPhtJAePYh.6","action":"GetUpdates Response", "result":"Success", "context":Received 24 update(s). cV=NjrfndHrNWoxcPhtJAePYh.0;server=akswtt00000000m;cloudType=Consumer;environment=Prod_southeastasia_prod-s01-064-apac-southeastasia;migrationStage=NotStarted Some updates remain.}
{"logTime": "0515/095155", "correlationVector":"OD9T0vo6kvoIRqvKoU4ZhE","action":"Initial GetUpdates", "result":"", "context":Reason: NEW_CLIENT. cV=OD9T0vo6kvoIRqvKoU4ZhE}
{"logTime": "0515/095155", "correlationVector":"OD9T0vo6kvoIRqvKoU4ZhE.1","action":"SyncServerConnectionManagerRequest", "result":"SYNC_SERVER_OK", "context":{"environment":"Prod_southeastasia_prod-s01-064-apac-southeastasia", "migrationStage":"NotStarted", "server":"akswtt00000000n"}}
{"logTime": "0515/095155", "correlationVector":"OD9T0vo6kvoIRqvKoU4ZhE.2","action":"ProcessGetUpdates", "result":"Done", "context":{"dataType":"Sessions", "deleted":"0", "process_failed_to_decrypt":"0", "process_pending_decryption":"0", "process_success":"1", "total":"1"}}
{"logTime": "0515/095155", "correlationVector":"OD9T0vo6kvoIRqvKoU4ZhE.3","action":"ProcessGetUpdates", "result":"Done", "context":{"dataType":"Edge Hub App Usage", "deleted":"0", "process_failed_to_decrypt":"0", "process_pending_decryption":"0", "process_success":"1", "total":"1"}}
{"logTime": "0515/095155", "correlationVector":"OD9T0vo6kvoIRqvKoU4ZhE.4","action":"GetUpdates Response", "result":"Success", "context":Received 2 update(s). cV=OD9T0vo6kvoIRqvKoU4ZhE.0;server=akswtt00000000n;cloudType=Consumer;environment=Prod_southeastasia_prod-s01-064-apac-southeastasia;migrationStage=NotStarted Some updates remain.}
{"logTime": "0515/095155", "correlationVector":"rEtKlWJNk3v6AgxlymD2RV","action":"Initial GetUpdates", "result":"", "context":Reason: NEW_CLIENT. cV=rEtKlWJNk3v6AgxlymD2RV}
{"logTime": "0515/095155", "correlationVector":"rEtKlWJNk3v6AgxlymD2RV.1","action":"SyncServerConnectionManagerRequest", "result":"SYNC_SERVER_OK", "context":{"environment":"Prod_southeastasia_prod-s01-064-apac-southeastasia", "migrationStage":"NotStarted", "server":"akswtt00000000b"}}
{"logTime": "0515/095155", "correlationVector":"rEtKlWJNk3v6AgxlymD2RV.2","action":"ProcessGetUpdates", "result":"Done", "context":{"dataType":"Extensions", "deleted":"0", "process_failed_to_decrypt":"0", "process_pending_decryption":"0", "process_success":"2", "total":"2"}}
{"logTime": "0515/095155", "correlationVector":"rEtKlWJNk3v6AgxlymD2RV.3","action":"ProcessGetUpdates", "result":"Done", "context":{"dataType":"Sessions", "deleted":"0", "process_failed_to_decrypt":"0", "process_pending_decryption":"0", "process_success":"16", "total":"16"}}
{"logTime": "0515/095155", "correlationVector":"rEtKlWJNk3v6AgxlymD2RV.4","action":"GetUpdates Response", "result":"Success", "context":Received 18 update(s). cV=rEtKlWJNk3v6AgxlymD2RV.0;server=akswtt00000000b;cloudType=Consumer;environment=Prod_southeastasia_prod-s01-064-apac-southeastasia;migrationStage=NotStarted}
{"logTime": "0515/095155", "correlationVector":"48LqQ9B5Uw4EOeoKFlCZ8E","action":"Initial GetUpdates", "result":"", "context":Reason: NEW_CLIENT. cV=48LqQ9B5Uw4EOeoKFlCZ8E}
{"logTime": "0515/095156", "correlationVector":"48LqQ9B5Uw4EOeoKFlCZ8E.1","action":"SyncServerConnectionManagerRequest", "result":"SYNC_SERVER_OK", "context":{"environment":"Prod_southeastasia_prod-s01-064-apac-southeastasia", "migrationStage":"NotStarted", "server":"akswtt00000001g"}}
{"logTime": "0515/095156", "correlationVector":"48LqQ9B5Uw4EOeoKFlCZ8E.2","action":"ProcessGetUpdates", "result":"Done", "context":{"dataType":"History", "deleted":"0", "process_failed_to_decrypt":"0", "process_pending_decryption":"0", "process_success":"250", "total":"250"}}
{"logTime": "0515/095156", "correlationVector":"48LqQ9B5Uw4EOeoKFlCZ8E.3","action":"GetUpdates Response", "result":"Success", "context":Received 250 update(s). cV=48LqQ9B5Uw4EOeoKFlCZ8E.0;server=akswtt00000001g;cloudType=Consumer;environment=Prod_southeastasia_prod-s01-064-apac-southeastasia;migrationStage=NotStarted Some updates remain.}
{"logTime": "0515/095156", "correlationVector":"95gBeugnbdxZjhFUbpG8QH","action":"Initial GetUpdates", "result":"", "context":Reason: NEW_CLIENT. cV=95gBeugnbdxZjhFUbpG8QH}
{"logTime": "0515/095158", "correlationVector":"95gBeugnbdxZjhFUbpG8QH.1","action":"SyncServerConnectionManagerRequest", "result":"SYNC_SERVER_OK", "context":{"environment":"Prod_southeastasia_prod-s01-064-apac-southeastasia", "migrationStage":"NotStarted", "server":"akswtt000000013"}}
{"logTime": "0515/095158", "correlationVector":"95gBeugnbdxZjhFUbpG8QH.2","action":"ProcessGetUpdates", "result":"Done", "context":{"dataType":"History", "deleted":"0", "process_failed_to_decrypt":"0", "process_pending_decryption":"0", "process_success":"250", "total":"250"}}
{"logTime": "0515/095158", "correlationVector":"95gBeugnbdxZjhFUbpG8QH.3","action":"GetUpdates Response", "result":"Success", "context":Received 250 update(s). cV=95gBeugnbdxZjhFUbpG8QH.0;server=akswtt000000013;cloudType=Consumer;environment=Prod_southeastasia_prod-s01-064-apac-southeastasia;migrationStage=NotStarted Some updates remain.}
{"logTime": "0515/095158", "correlationVector":"CEyv3SY3/ws2um/9KmTs1w","action":"Initial GetUpdates", "result":"", "context":Reason: NEW_CLIENT. cV=CEyv3SY3/ws2um/9KmTs1w}
{"logTime": "0515/095159", "correlationVector":"CEyv3SY3/ws2um/9KmTs1w.1","action":"SyncServerConnectionManagerRequest", "result":"SYNC_SERVER_OK", "context":{"environment":"Prod_southeastasia_prod-s01-064-apac-southeastasia", "migrationStage":"NotStarted", "server":"akswtt000000000"}}
{"logTime": "0515/095159", "correlationVector":"CEyv3SY3/ws2um/9KmTs1w.2","action":"ProcessGetUpdates", "result":"Done", "context":{"dataType":"History", "deleted":"0", "process_failed_to_decrypt":"0", "process_pending_decryption":"0", "process_success":"250", "total":"250"}}
{"logTime": "0515/095159", "correlationVector":"CEyv3SY3/ws2um/9KmTs1w.3","action":"GetUpdates Response", "result":"Success", "context":Received 250 update(s). cV=CEyv3SY3/ws2um/9KmTs1w.0;server=akswtt000000000;cloudType=Consumer;environment=Prod_southeastasia_prod-s01-064-apac-southeastasia;migrationStage=NotStarted Some updates remain.}
{"logTime": "0515/095159", "correlationVector":"p4u7a+5wTTOOdKJH6JPfzL","action":"Initial GetUpdates", "result":"", "context":Reason: NEW_CLIENT. cV=p4u7a+5wTTOOdKJH6JPfzL}
{"logTime": "0515/095200", "correlationVector":"p4u7a+5wTTOOdKJH6JPfzL.1","action":"SyncServerConnectionManagerRequest", "result":"SYNC_SERVER_OK", "context":{"environment":"Prod_southeastasia_prod-s01-064-apac-southeastasia", "migrationStage":"NotStarted", "server":"akswtt000000011"}}
{"logTime": "0515/095200", "correlationVector":"p4u7a+5wTTOOdKJH6JPfzL.2","action":"ProcessGetUpdates", "result":"Done", "context":{"dataType":"History", "deleted":"0", "process_failed_to_decrypt":"0", "process_pending_decryption":"0", "process_success":"250", "total":"250"}}
{"logTime": "0515/095200", "correlationVector":"p4u7a+5wTTOOdKJH6JPfzL.3","action":"GetUpdates Response", "result":"Success", "context":Received 250 update(s). cV=p4u7a+5wTTOOdKJH6JPfzL.0;server=akswtt000000011;cloudType=Consumer;environment=Prod_southeastasia_prod-s01-064-apac-southeastasia;migrationStage=NotStarted Some updates remain.}
{"logTime": "0515/095200", "correlationVector":"8ueIM6YC/q82OgZzFU2fFf","action":"Initial GetUpdates", "result":"", "context":Reason: NEW_CLIENT. cV=8ueIM6YC/q82OgZzFU2fFf}
{"logTime": "0515/095202", "correlationVector":"8ueIM6YC/q82OgZzFU2fFf.1","action":"SyncServerConnectionManagerRequest", "result":"SYNC_SERVER_OK", "context":{"environment":"Prod_southeastasia_prod-s01-064-apac-southeastasia", "migrationStage":"NotStarted", "server":"akswtt00000000u"}}
{"logTime": "0515/095202", "correlationVector":"8ueIM6YC/q82OgZzFU2fFf.2","action":"ProcessGetUpdates", "result":"Done", "context":{"dataType":"History", "deleted":"0", "process_failed_to_decrypt":"0", "process_pending_decryption":"0", "process_success":"250", "total":"250"}}
{"logTime": "0515/095202", "correlationVector":"8ueIM6YC/q82OgZzFU2fFf.3","action":"GetUpdates Response", "result":"Success", "context":Received 250 update(s). cV=8ueIM6YC/q82OgZzFU2fFf.0;server=akswtt00000000u;cloudType=Consumer;environment=Prod_southeastasia_prod-s01-064-apac-southeastasia;migrationStage=NotStarted Some updates remain.}
{"logTime": "0515/095202", "correlationVector":"DNwu2BpO6k8KEAFS49+0fM","action":"Initial GetUpdates", "result":"", "context":Reason: NEW_CLIENT. cV=DNwu2BpO6k8KEAFS49+0fM}
{"logTime": "0515/095202", "correlationVector":"DNwu2BpO6k8KEAFS49+0fM.1","action":"SyncServerConnectionManagerRequest", "result":"SYNC_SERVER_OK", "context":{"environment":"Prod_southeastasia_prod-s01-064-apac-southeastasia", "migrationStage":"NotStarted", "server":"akswtt00000001g"}}
{"logTime": "0515/095202", "correlationVector":"DNwu2BpO6k8KEAFS49+0fM.2","action":"ProcessGetUpdates", "result":"Done", "context":{"dataType":"History", "deleted":"0", "process_failed_to_decrypt":"0", "process_pending_decryption":"0", "process_success":"250", "total":"250"}}
{"logTime": "0515/095202", "correlationVector":"DNwu2BpO6k8KEAFS49+0fM.3","action":"GetUpdates Response", "result":"Success", "context":Received 250 update(s). cV=DNwu2BpO6k8KEAFS49+0fM.0;server=akswtt00000001g;cloudType=Consumer;environment=Prod_southeastasia_prod-s01-064-apac-southeastasia;migrationStage=NotStarted Some updates remain.}
{"logTime": "0515/095202", "correlationVector":"2siyO6TJpC6qznEcAGCg+Q","action":"Initial GetUpdates", "result":"", "context":Reason: NEW_CLIENT. cV=2siyO6TJpC6qznEcAGCg+Q}
{"logTime": "0515/095203", "correlationVector":"2siyO6TJpC6qznEcAGCg+Q.1","action":"SyncServerConnectionManagerRequest", "result":"SYNC_SERVER_OK", "context":{"environment":"Prod_southeastasia_prod-s01-064-apac-southeastasia", "migrationStage":"NotStarted", "server":"akswtt00000000o"}}
{"logTime": "0515/095203", "correlationVector":"2siyO6TJpC6qznEcAGCg+Q.2","action":"ProcessGetUpdates", "result":"Done", "context":{"dataType":"History", "deleted":"0", "process_failed_to_decrypt":"0", "process_pending_decryption":"0", "process_success":"250", "total":"250"}}
{"logTime": "0515/095203", "correlationVector":"2siyO6TJpC6qznEcAGCg+Q.3","action":"GetUpdates Response", "result":"Success", "context":Received 250 update(s). cV=2siyO6TJpC6qznEcAGCg+Q.0;server=akswtt00000000o;cloudType=Consumer;environment=Prod_southeastasia_prod-s01-064-apac-southeastasia;migrationStage=NotStarted Some updates remain.}
{"logTime": "0515/095203", "correlationVector":"Dnb/H6lnK1s9MrsPF0Ui7+","action":"Initial GetUpdates", "result":"", "context":Reason: NEW_CLIENT. cV=Dnb/H6lnK1s9MrsPF0Ui7+}
{"logTime": "0515/095204", "correlationVector":"Dnb/H6lnK1s9MrsPF0Ui7+.1","action":"SyncServerConnectionManagerRequest", "result":"SYNC_SERVER_OK", "context":{"environment":"Prod_southeastasia_prod-s01-064-apac-southeastasia", "migrationStage":"NotStarted", "server":"akswtt00000000o"}}
{"logTime": "0515/095204", "correlationVector":"Dnb/H6lnK1s9MrsPF0Ui7+.2","action":"ProcessGetUpdates", "result":"Done", "context":{"dataType":"History", "deleted":"0", "process_failed_to_decrypt":"0", "process_pending_decryption":"0", "process_success":"250", "total":"250"}}
{"logTime": "0515/095204", "correlationVector":"Dnb/H6lnK1s9MrsPF0Ui7+.3","action":"GetUpdates Response", "result":"Success", "context":Received 250 update(s). cV=Dnb/H6lnK1s9MrsPF0Ui7+.0;server=akswtt00000000o;cloudType=Consumer;environment=Prod_southeastasia_prod-s01-064-apac-southeastasia;migrationStage=NotStarted Some updates remain.}
{"logTime": "0515/095204", "correlationVector":"AI7Jd0pUQu0ta/4Bl/eJHN","action":"Initial GetUpdates", "result":"", "context":Reason: NEW_CLIENT. cV=AI7Jd0pUQu0ta/4Bl/eJHN}
{"logTime": "0515/095204", "correlationVector":"AI7Jd0pUQu0ta/4Bl/eJHN.1","action":"SyncServerConnectionManagerRequest", "result":"SYNC_SERVER_OK", "context":{"environment":"Prod_southeastasia_prod-s01-064-apac-southeastasia", "migrationStage":"NotStarted", "server":"akswtt00000000i"}}
{"logTime": "0515/095204", "correlationVector":"AI7Jd0pUQu0ta/4Bl/eJHN.2","action":"ProcessGetUpdates", "result":"Done", "context":{"dataType":"History", "deleted":"0", "process_failed_to_decrypt":"0", "process_pending_decryption":"0", "process_success":"250", "total":"250"}}
{"logTime": "0515/095204", "correlationVector":"AI7Jd0pUQu0ta/4Bl/eJHN.3","action":"GetUpdates Response", "result":"Success", "context":Received 250 update(s). cV=AI7Jd0pUQu0ta/4Bl/eJHN.0;server=akswtt00000000i;cloudType=Consumer;environment=Prod_southeastasia_prod-s01-064-apac-southeastasia;migrationStage=NotStarted Some updates remain.}
{"logTime": "0515/095204", "correlationVector":"uroBaWrQbQxJOGtDLWMnkN","action":"Initial GetUpdates", "result":"", "context":Reason: NEW_CLIENT. cV=uroBaWrQbQxJOGtDLWMnkN}
{"logTime": "0515/095205", "correlationVector":"uroBaWrQbQxJOGtDLWMnkN.1","action":"SyncServerConnectionManagerRequest", "result":"SYNC_SERVER_OK", "context":{"environment":"Prod_southeastasia_prod-s01-064-apac-southeastasia", "migrationStage":"NotStarted", "server":"akswtt00000000j"}}
{"logTime": "0515/095205", "correlationVector":"uroBaWrQbQxJOGtDLWMnkN.2","action":"ProcessGetUpdates", "result":"Done", "context":{"dataType":"History", "deleted":"0", "process_failed_to_decrypt":"0", "process_pending_decryption":"0", "process_success":"250", "total":"250"}}
{"logTime": "0515/095205", "correlationVector":"uroBaWrQbQxJOGtDLWMnkN.3","action":"GetUpdates Response", "result":"Success", "context":Received 250 update(s). cV=uroBaWrQbQxJOGtDLWMnkN.0;server=akswtt00000000j;cloudType=Consumer;environment=Prod_southeastasia_prod-s01-064-apac-southeastasia;migrationStage=NotStarted Some updates remain.}
{"logTime": "0515/095205", "correlationVector":"/ETzAW3zTHIH82chW+a2s0","action":"Initial GetUpdates", "result":"", "context":Reason: NEW_CLIENT. cV=/ETzAW3zTHIH82chW+a2s0}
{"logTime": "0515/095205", "correlationVector":"/ETzAW3zTHIH82chW+a2s0.1","action":"SyncServerConnectionManagerRequest", "result":"SYNC_SERVER_OK", "context":{"environment":"Prod_southeastasia_prod-s01-064-apac-southeastasia", "migrationStage":"NotStarted", "server":"akswtt000000000"}}
{"logTime": "0515/095205", "correlationVector":"/ETzAW3zTHIH82chW+a2s0.2","action":"ProcessGetUpdates", "result":"Done", "context":{"dataType":"History", "deleted":"0", "process_failed_to_decrypt":"0", "process_pending_decryption":"0", "process_success":"250", "total":"250"}}
{"logTime": "0515/095205", "correlationVector":"/ETzAW3zTHIH82chW+a2s0.3","action":"GetUpdates Response", "result":"Success", "context":Received 250 update(s). cV=/ETzAW3zTHIH82chW+a2s0.0;server=akswtt000000000;cloudType=Consumer;environment=Prod_southeastasia_prod-s01-064-apac-southeastasia;migrationStage=NotStarted Some updates remain.}
{"logTime": "0515/095205", "correlationVector":"TQ+IqNgqMykfLNeP/G5EtW","action":"Initial GetUpdates", "result":"", "context":Reason: NEW_CLIENT. cV=TQ+IqNgqMykfLNeP/G5EtW}
{"logTime": "0515/095206", "correlationVector":"TQ+IqNgqMykfLNeP/G5EtW.1","action":"SyncServerConnectionManagerRequest", "result":"SYNC_SERVER_OK", "context":{"environment":"Prod_southeastasia_prod-s01-064-apac-southeastasia", "migrationStage":"NotStarted", "server":"akswtt00000000b"}}
{"logTime": "0515/095206", "correlationVector":"TQ+IqNgqMykfLNeP/G5EtW.2","action":"ProcessGetUpdates", "result":"Done", "context":{"dataType":"History", "deleted":"0", "process_failed_to_decrypt":"0", "process_pending_decryption":"0", "process_success":"250", "total":"250"}}
{"logTime": "0515/095206", "correlationVector":"TQ+IqNgqMykfLNeP/G5EtW.3","action":"GetUpdates Response", "result":"Success", "context":Received 250 update(s). cV=TQ+IqNgqMykfLNeP/G5EtW.0;server=akswtt00000000b;cloudType=Consumer;environment=Prod_southeastasia_prod-s01-064-apac-southeastasia;migrationStage=NotStarted Some updates remain.}
{"logTime": "0515/095206", "correlationVector":"wVq59YY43XPvmxI76YPrae","action":"Initial GetUpdates", "result":"", "context":Reason: NEW_CLIENT. cV=wVq59YY43XPvmxI76YPrae}
{"logTime": "0515/095207", "correlationVector":"wVq59YY43XPvmxI76YPrae.1","action":"SyncServerConnectionManagerRequest", "result":"SYNC_SERVER_OK", "context":{"environment":"Prod_southeastasia_prod-s01-064-apac-southeastasia", "migrationStage":"NotStarted", "server":"akswtt00000001g"}}
{"logTime": "0515/095207", "correlationVector":"wVq59YY43XPvmxI76YPrae.2","action":"ProcessGetUpdates", "result":"Done", "context":{"dataType":"History", "deleted":"0", "process_failed_to_decrypt":"0", "process_pending_decryption":"0", "process_success":"250", "total":"250"}}
{"logTime": "0515/095207", "correlationVector":"wVq59YY43XPvmxI76YPrae.3","action":"GetUpdates Response", "result":"Success", "context":Received 250 update(s). cV=wVq59YY43XPvmxI76YPrae.0;server=akswtt00000001g;cloudType=Consumer;environment=Prod_southeastasia_prod-s01-064-apac-southeastasia;migrationStage=NotStarted Some updates remain.}
{"logTime": "0515/095207", "correlationVector":"jFDSR1dPD38aP49WMZ8wiT","action":"Initial GetUpdates", "result":"", "context":Reason: NEW_CLIENT. cV=jFDSR1dPD38aP49WMZ8wiT}
{"logTime": "0515/095207", "correlationVector":"jFDSR1dPD38aP49WMZ8wiT.1","action":"SyncServerConnectionManagerRequest", "result":"SYNC_SERVER_OK", "context":{"environment":"Prod_southeastasia_prod-s01-064-apac-southeastasia", "migrationStage":"NotStarted", "server":"akswtt00000000j"}}
{"logTime": "0515/095207", "correlationVector":"jFDSR1dPD38aP49WMZ8wiT.2","action":"ProcessGetUpdates", "result":"Done", "context":{"dataType":"History", "deleted":"0", "process_failed_to_decrypt":"0", "process_pending_decryption":"0", "process_success":"250", "total":"250"}}
{"logTime": "0515/095207", "correlationVector":"jFDSR1dPD38aP49WMZ8wiT.3","action":"GetUpdates Response", "result":"Success", "context":Received 250 update(s). cV=jFDSR1dPD38aP49WMZ8wiT.0;server=akswtt00000000j;cloudType=Consumer;environment=Prod_southeastasia_prod-s01-064-apac-southeastasia;migrationStage=NotStarted Some updates remain.}
{"logTime": "0515/095207", "correlationVector":"X1K4c5fQSW/f4qmLr9hiip","action":"Initial GetUpdates", "result":"", "context":Reason: NEW_CLIENT. cV=X1K4c5fQSW/f4qmLr9hiip}
{"logTime": "0515/095207", "correlationVector":"X1K4c5fQSW/f4qmLr9hiip.1","action":"SyncServerConnectionManagerRequest", "result":"SYNC_SERVER_OK", "context":{"environment":"Prod_southeastasia_prod-s01-064-apac-southeastasia", "migrationStage":"NotStarted", "server":"akswtt000000011"}}
{"logTime": "0515/095207", "correlationVector":"X1K4c5fQSW/f4qmLr9hiip.2","action":"ProcessGetUpdates", "result":"Done", "context":{"dataType":"History", "deleted":"0", "process_failed_to_decrypt":"0", "process_pending_decryption":"0", "process_success":"250", "total":"250"}}
{"logTime": "0515/095207", "correlationVector":"X1K4c5fQSW/f4qmLr9hiip.3","action":"GetUpdates Response", "result":"Success", "context":Received 250 update(s). cV=X1K4c5fQSW/f4qmLr9hiip.0;server=akswtt000000011;cloudType=Consumer;environment=Prod_southeastasia_prod-s01-064-apac-southeastasia;migrationStage=NotStarted Some updates remain.}
{"logTime": "0515/095207", "correlationVector":"5BVn5T5zK3EJyhhSmsxTNL","action":"Initial GetUpdates", "result":"", "context":Reason: NEW_CLIENT. cV=5BVn5T5zK3EJyhhSmsxTNL}
{"logTime": "0515/095208", "correlationVector":"5BVn5T5zK3EJyhhSmsxTNL.1","action":"SyncServerConnectionManagerRequest", "result":"SYNC_SERVER_OK", "context":{"environment":"Prod_southeastasia_prod-s01-064-apac-southeastasia", "migrationStage":"NotStarted", "server":"akswtt00000001g"}}
{"logTime": "0515/095208", "correlationVector":"5BVn5T5zK3EJyhhSmsxTNL.2","action":"ProcessGetUpdates", "result":"Done", "context":{"dataType":"History", "deleted":"0", "process_failed_to_decrypt":"0", "process_pending_decryption":"0", "process_success":"147", "total":"147"}}
{"logTime": "0515/095208", "correlationVector":"5BVn5T5zK3EJyhhSmsxTNL.3","action":"GetUpdates Response", "result":"Success", "context":Received 147 update(s). cV=5BVn5T5zK3EJyhhSmsxTNL.0;server=akswtt00000001g;cloudType=Consumer;environment=Prod_southeastasia_prod-s01-064-apac-southeastasia;migrationStage=NotStarted}
{"logTime": "0515/095209", "correlationVector":"xsiUjaMy9suhjE/AqCz3Xn","action":"SyncServerConnectionManagerRequest", "result":"SYNC_SERVER_ERROR", "context":{"environment":"", "error_type":"http_status_code", "error_value":"400", "migrationStage":"", "server":""}}
{"logTime": "0515/095209", "correlationVector":"qj07sR/0QN4dKSOAvJuwKJ","action":"Normal GetUpdate request", "result":"", "context":cV=qj07sR/0QN4dKSOAvJuwKJ
Nudged types: Extensions, Sessions, Device Info, User Consents, History
Refresh requested types: Bookmarks, Preferences, Extensions, Sessions, Extension settings, History Delete Directives, Device Info, User Consents, Send Tab To Self, Web Apps, History, Saved Tab Group, WebAuthn Credentials, Collection, Edge E Drop, Edge Hub App Usage, Edge Wallet, Edge Workspace, Encryption Keys}
{"logTime": "0515/095209", "correlationVector":"qj07sR/0QN4dKSOAvJuwKJ.1","action":"SyncServerConnectionManagerRequest", "result":"SYNC_SERVER_OK", "context":{"environment":"Prod_southeastasia_prod-s01-064-apac-southeastasia", "migrationStage":"NotStarted", "server":"akswtt000000007"}}
{"logTime": "0515/095209", "correlationVector":"qj07sR/0QN4dKSOAvJuwKJ.2","action":"GetUpdates Response", "result":"Success", "context":Received 0 update(s). cV=qj07sR/0QN4dKSOAvJuwKJ.0;server=akswtt000000007;cloudType=Consumer;environment=Prod_southeastasia_prod-s01-064-apac-southeastasia;migrationStage=NotStarted}
{"logTime": "0515/095209", "correlationVector":"E+006mCcZeaUg4TLU8aE0Y","action":"Commit Request", "result":"", "context":Item count: 10
Contributing types: Extensions, Sessions, Device Info, User Consents, History}
{"logTime": "0515/095210", "correlationVector":"E+006mCcZeaUg4TLU8aE0Y.1","action":"SyncServerConnectionManagerRequest", "result":"SYNC_SERVER_OK", "context":{"environment":"Prod_southeastasia_prod-s01-064-apac-southeastasia", "migrationStage":"NotStarted", "server":"akswtt000000010"}}
{"logTime": "0515/095210", "correlationVector":"E+006mCcZeaUg4TLU8aE0Y.2","action":"Commit Response", "result":"Success", "context":Result: Success. cV=E+006mCcZeaUg4TLU8aE0Y.0;server=akswtt000000010;cloudType=Consumer;environment=Prod_southeastasia_prod-s01-064-apac-southeastasia;migrationStage=NotStarted}
{"logTime": "0515/095211", "correlationVector":"yiUQ5sFI/uGmbnhthyidGF","action":"SyncServerConnectionManagerRequest", "result":"SYNC_SERVER_ERROR", "context":{"environment":"", "error_type":"http_status_code", "error_value":"400", "migrationStage":"", "server":""}}
{"logTime": "0515/095211", "correlationVector":"ePsoR9h5qVUxM1UrN1p9EX","action":"Commit Request", "result":"", "context":Item count: 3
Contributing types: Sessions, History}
{"logTime": "0515/095211", "correlationVector":"ePsoR9h5qVUxM1UrN1p9EX.1","action":"SyncServerConnectionManagerRequest", "result":"SYNC_SERVER_OK", "context":{"environment":"Prod_southeastasia_prod-s01-064-apac-southeastasia", "migrationStage":"NotStarted", "server":"akswtt000000006"}}
{"logTime": "0515/095211", "correlationVector":"ePsoR9h5qVUxM1UrN1p9EX.2","action":"Commit Response", "result":"Success", "context":Result: Success. cV=ePsoR9h5qVUxM1UrN1p9EX.0;server=akswtt000000006;cloudType=Consumer;environment=Prod_southeastasia_prod-s01-064-apac-southeastasia;migrationStage=NotStarted}
{"logTime": "0515/095213", "correlationVector":"5uZw3BwOYlMNrbwaXOhhJn","action":"Normal GetUpdate request", "result":"", "context":cV=5uZw3BwOYlMNrbwaXOhhJn
Nudged types: Sessions
Refresh requested types: Encryption Keys}
{"logTime": "0515/095213", "correlationVector":"5uZw3BwOYlMNrbwaXOhhJn.1","action":"SyncServerConnectionManagerRequest", "result":"SYNC_SERVER_OK", "context":{"environment":"Prod_southeastasia_prod-s01-064-apac-southeastasia", "migrationStage":"NotStarted", "server":"akswtt000000004"}}
{"logTime": "0515/095213", "correlationVector":"5uZw3BwOYlMNrbwaXOhhJn.2","action":"ProcessGetUpdates", "result":"Done", "context":{"dataType":"Extensions", "deleted":"0", "process_failed_to_decrypt":"0", "process_pending_decryption":"0", "process_success":"1", "total":"1"}}
{"logTime": "0515/095213", "correlationVector":"5uZw3BwOYlMNrbwaXOhhJn.3","action":"ProcessGetUpdates", "result":"Done", "context":{"dataType":"Sessions", "deleted":"0", "process_failed_to_decrypt":"0", "process_pending_decryption":"0", "process_success":"4", "total":"4"}}
{"logTime": "0515/095213", "correlationVector":"5uZw3BwOYlMNrbwaXOhhJn.4","action":"ProcessGetUpdates", "result":"Done", "context":{"dataType":"Device Info", "deleted":"0", "process_failed_to_decrypt":"0", "process_pending_decryption":"0", "process_success":"1", "total":"1"}}
{"logTime": "0515/095213", "correlationVector":"5uZw3BwOYlMNrbwaXOhhJn.5","action":"ProcessGetUpdates", "result":"Done", "context":{"dataType":"History", "deleted":"0", "process_failed_to_decrypt":"0", "process_pending_decryption":"0", "process_success":"4", "total":"4"}}
{"logTime": "0515/095213", "correlationVector":"5uZw3BwOYlMNrbwaXOhhJn.6","action":"GetUpdates Response", "result":"Success", "context":Received 10 update(s). cV=5uZw3BwOYlMNrbwaXOhhJn.0;server=akswtt000000004;cloudType=Consumer;environment=Prod_southeastasia_prod-s01-064-apac-southeastasia;migrationStage=NotStarted}
{"logTime": "0515/095213", "correlationVector":"LQzx2iocNyHURxEPFp5r2d","action":"DoCompareDataConsistency requsted types: ", "result":"Bookmarks, Preferences, Extensions, Extension settings, History Delete Directives, Send Tab To Self, Web Apps, History, Saved Tab Group, WebAuthn Credentials, Collection, Edge E Drop, Edge Wallet, Edge Workspace, Encryption Keys"}
{"logTime": "0515/095213", "correlationVector":"LQzx2iocNyHURxEPFp5r2d.0","action":"CompareDataConsistency result: ", "result":"Compare result: Encryption Keys is consistent. local entities count is: 1 local entities hash is: 9MRFvrONJKcAlPjR/akSs71CKhU="}
{"logTime": "0515/095213", "correlationVector":"LQzx2iocNyHURxEPFp5r2d.1","action":"CompareDataConsistency result: ", "result":"Compare result: Bookmarks is consistent. local entities count is: 49 local entities hash is: Dac0sjbDV9exAydkhrkkR95JseM="}
{"logTime": "0515/095213", "correlationVector":"LQzx2iocNyHURxEPFp5r2d.2","action":"CompareDataConsistency result: ", "result":"Compare result: Preferences is consistent. local entities count is: 95 local entities hash is: UwKrX2ES+XfCxua5YWMDusWyk4k="}
{"logTime": "0515/095213", "correlationVector":"LQzx2iocNyHURxEPFp5r2d.3","action":"CompareDataConsistency result: ", "result":"Compare result: Extensions is consistent. local entities count is: 5 local entities hash is: UklOnn3S8KcJat9lwSqbww0gJDI="}
{"logTime": "0515/095213", "correlationVector":"LQzx2iocNyHURxEPFp5r2d.4","action":"CompareDataConsistency result: ", "result":"Compare result: Extension settings is consistent. local entities count is: 14 local entities hash is: 9qrFyBKJFM/ZFVQGGs0B8FU56ug="}
{"logTime": "0515/095213", "correlationVector":"LQzx2iocNyHURxEPFp5r2d.5","action":"CompareDataConsistency result: ", "result":"Compare result: History Delete Directives is consistent. local entities count is: 0 local entities hash is: "}
{"logTime": "0515/095213", "correlationVector":"LQzx2iocNyHURxEPFp5r2d.6","action":"CompareDataConsistency result: ", "result":"Server did not send this Send Tab To Self local entities count is: 0 local entities hash is: "}
{"logTime": "0515/095213", "correlationVector":"LQzx2iocNyHURxEPFp5r2d.7","action":"CompareDataConsistency result: ", "result":"Compare result: Web Apps is consistent. local entities count is: 0 local entities hash is: "}
{"logTime": "0515/095213", "correlationVector":"LQzx2iocNyHURxEPFp5r2d.8","action":"CompareDataConsistency result: ", "result":"Server did not send this History local entities count is: 0 local entities hash is: "}
{"logTime": "0515/095213", "correlationVector":"LQzx2iocNyHURxEPFp5r2d.9","action":"CompareDataConsistency result: ", "result":"Compare result: Saved Tab Group is consistent. local entities count is: 2 local entities hash is: gxwRB07hTgG1MgVHXuHGTutHoOs="}
{"logTime": "0515/095213", "correlationVector":"LQzx2iocNyHURxEPFp5r2d.10","action":"CompareDataConsistency result: ", "result":"Server did not send this WebAuthn Credentials local entities count is: 0 local entities hash is: "}
{"logTime": "0515/095213", "correlationVector":"LQzx2iocNyHURxEPFp5r2d.11","action":"CompareDataConsistency result: ", "result":"Compare result: Collection is consistent. local entities count is: 0 local entities hash is: "}
{"logTime": "0515/095213", "correlationVector":"LQzx2iocNyHURxEPFp5r2d.12","action":"CompareDataConsistency result: ", "result":"Compare result: Edge E Drop is consistent. local entities count is: 0 local entities hash is: "}
{"logTime": "0515/095213", "correlationVector":"LQzx2iocNyHURxEPFp5r2d.13","action":"CompareDataConsistency result: ", "result":"Compare result: Edge Wallet is consistent. local entities count is: 0 local entities hash is: "}
{"logTime": "0515/095213", "correlationVector":"LQzx2iocNyHURxEPFp5r2d.14","action":"CompareDataConsistency result: ", "result":"Server did not send this Edge Workspace local entities count is: 0 local entities hash is: "}
{"logTime": "0515/095213", "correlationVector":"g5rcj3ecFSJhu3Osf+9Cdn","action":"Commit Request", "result":"", "context":Item count: 1
Contributing types: Sessions}
{"logTime": "0515/095214", "correlationVector":"g5rcj3ecFSJhu3Osf+9Cdn.1","action":"SyncServerConnectionManagerRequest", "result":"SYNC_SERVER_OK", "context":{"environment":"Prod_southeastasia_prod-s01-064-apac-southeastasia", "migrationStage":"NotStarted", "server":"akswtt00000000m"}}
{"logTime": "0515/095214", "correlationVector":"g5rcj3ecFSJhu3Osf+9Cdn.2","action":"Commit Response", "result":"Success", "context":Result: Success. cV=g5rcj3ecFSJhu3Osf+9Cdn.0;server=akswtt00000000m;cloudType=Consumer;environment=Prod_southeastasia_prod-s01-064-apac-southeastasia;migrationStage=NotStarted}
{"logTime": "0515/095214", "correlationVector":"2BgQkW8eyYEMK3tHv2hcl4","action":"SyncServerConnectionManagerRequest", "result":"SYNC_SERVER_ERROR", "context":{"environment":"", "error_type":"http_status_code", "error_value":"400", "migrationStage":"", "server":""}}
{"logTime": "0515/095214", "correlationVector":"","action":"DIAGNOSTIC_REQUEST|v1/diagnosticData/Diagnostic.SendCheckResult()|SUCCESS", "result":""}
{"logTime": "0515/095223", "correlationVector":"UHoukNHdj8rDHCNuQGQWQR","action":"Normal GetUpdate request", "result":"", "context":cV=UHoukNHdj8rDHCNuQGQWQR
Nudged types: Sessions
Refresh requested types: Encryption Keys}
{"logTime": "0515/095223", "correlationVector":"UHoukNHdj8rDHCNuQGQWQR.1","action":"SyncServerConnectionManagerRequest", "result":"SYNC_SERVER_OK", "context":{"environment":"Prod_southeastasia_prod-s01-064-apac-southeastasia", "migrationStage":"NotStarted", "server":"akswtt00000000u"}}
{"logTime": "0515/095223", "correlationVector":"UHoukNHdj8rDHCNuQGQWQR.2","action":"ProcessGetUpdates", "result":"Done", "context":{"dataType":"Sessions", "deleted":"0", "process_failed_to_decrypt":"0", "process_pending_decryption":"0", "process_success":"1", "total":"1"}}
{"logTime": "0515/095223", "correlationVector":"UHoukNHdj8rDHCNuQGQWQR.3","action":"GetUpdates Response", "result":"Success", "context":Received 1 update(s). cV=UHoukNHdj8rDHCNuQGQWQR.0;server=akswtt00000000u;cloudType=Consumer;environment=Prod_southeastasia_prod-s01-064-apac-southeastasia;migrationStage=NotStarted}
{"logTime": "0515/095223", "correlationVector":"YyO21MVzMdtfyr2Pdy5LDo","action":"SyncServerConnectionManagerRequest", "result":"SYNC_SERVER_ERROR", "context":{"environment":"", "error_type":"http_status_code", "error_value":"400", "migrationStage":"", "server":""}}
